#! /usr/local/Cellar/icarus-verilog/10.3/bin/vvp
:ivl_version "10.3 (stable)" "(v10_3)";
:ivl_delay_selection "TYPICAL";
:vpi_time_precision + 0;
:vpi_module "system";
:vpi_module "vhdl_sys";
:vpi_module "v2005_math";
:vpi_module "va_math";
S_0x7fa1df11e000 .scope module, "fifo_write" "fifo_write" 2 1;
 .timescale 0 0;
    .port_info 0 /INPUT 1 "clk"
    .port_info 1 /INPUT 1 "rst"
    .port_info 2 /INPUT 1 "err"
    .port_info 3 /INPUT 8 "din"
    .port_info 4 /OUTPUT 8 "dout"
    .port_info 5 /OUTPUT 1 "fifo_txen"
    .port_info 6 /INPUT 1 "fs"
    .port_info 7 /OUTPUT 1 "fd"
    .port_info 8 /INPUT 12 "data_len"
P_0x7fa1df123b80 .param/l "HEAD" 1 2 21, C4<100>;
P_0x7fa1df123bc0 .param/l "IDLE" 1 2 21, C4<000>;
P_0x7fa1df123c00 .param/l "LAST" 1 2 21, C4<011>;
P_0x7fa1df123c40 .param/l "WORK" 1 2 21, C4<010>;
L_0x7fa1df1350a0 .functor BUFZ 8, L_0x7fa1df134fe0, C4<00000000>, C4<00000000>, C4<00000000>;
o0x7fa1df033988 .functor BUFZ 8, C4<zzzzzzzz>; HiZ drive
L_0x7fa1df1351b0 .functor BUFZ 8, o0x7fa1df033988, C4<00000000>, C4<00000000>, C4<00000000>;
L_0x7fa1df063008 .functor BUFT 1, C4<011>, C4<0>, C4<0>, C4<0>;
v0x7fa1df1244e0_0 .net/2u *"_s0", 2 0, L_0x7fa1df063008;  1 drivers
L_0x7fa1df063128 .functor BUFT 1, C4<00000001>, C4<0>, C4<0>, C4<0>;
v0x7fa1df1337e0_0 .net/2u *"_s22", 7 0, L_0x7fa1df063128;  1 drivers
L_0x7fa1df063170 .functor BUFT 1, C4<00000010>, C4<0>, C4<0>, C4<0>;
v0x7fa1df133890_0 .net/2u *"_s27", 7 0, L_0x7fa1df063170;  1 drivers
L_0x7fa1df063050 .functor BUFT 1, C4<010>, C4<0>, C4<0>, C4<0>;
v0x7fa1df133950_0 .net/2u *"_s4", 2 0, L_0x7fa1df063050;  1 drivers
v0x7fa1df133a00_0 .net *"_s8", 7 0, L_0x7fa1df134fe0;  1 drivers
v0x7fa1df133af0_0 .var "bag_num", 11 0;
L_0x7fa1df063098 .functor BUFT 1, C4<01010101>, C4<0>, C4<0>, C4<0>;
v0x7fa1df133ba0 .array "cache_data", 0 127;
v0x7fa1df133ba0_0 .net v0x7fa1df133ba0 0, 7 0, L_0x7fa1df063098; 1 drivers
L_0x7fa1df0630e0 .functor BUFT 1, C4<10101010>, C4<0>, C4<0>, C4<0>;
v0x7fa1df133ba0_1 .net v0x7fa1df133ba0 1, 7 0, L_0x7fa1df0630e0; 1 drivers
v0x7fa1df133ba0_2 .net v0x7fa1df133ba0 2, 7 0, L_0x7fa1df1351b0; 1 drivers
L_0x7fa1df0631b8 .functor BUFT 1, C4<00000011>, C4<0>, C4<0>, C4<0>;
RS_0x7fa1df0321b8 .resolv tri, L_0x7fa1df1352c0, L_0x7fa1df0631b8;
v0x7fa1df133ba0_3 .net8 v0x7fa1df133ba0 3, 7 0, RS_0x7fa1df0321b8; 2 drivers
L_0x7fa1df063200 .functor BUFT 1, C4<00000100>, C4<0>, C4<0>, C4<0>;
RS_0x7fa1df0321e8 .resolv tri, L_0x7fa1df135400, L_0x7fa1df063200;
v0x7fa1df133ba0_4 .net8 v0x7fa1df133ba0 4, 7 0, RS_0x7fa1df0321e8; 2 drivers
L_0x7fa1df063248 .functor BUFT 1, C4<00000101>, C4<0>, C4<0>, C4<0>;
v0x7fa1df133ba0_5 .net v0x7fa1df133ba0 5, 7 0, L_0x7fa1df063248; 1 drivers
L_0x7fa1df063290 .functor BUFT 1, C4<00000110>, C4<0>, C4<0>, C4<0>;
v0x7fa1df133ba0_6 .net v0x7fa1df133ba0 6, 7 0, L_0x7fa1df063290; 1 drivers
L_0x7fa1df0632d8 .functor BUFT 1, C4<00000111>, C4<0>, C4<0>, C4<0>;
v0x7fa1df133ba0_7 .net v0x7fa1df133ba0 7, 7 0, L_0x7fa1df0632d8; 1 drivers
L_0x7fa1df063320 .functor BUFT 1, C4<00001000>, C4<0>, C4<0>, C4<0>;
v0x7fa1df133ba0_8 .net v0x7fa1df133ba0 8, 7 0, L_0x7fa1df063320; 1 drivers
L_0x7fa1df063368 .functor BUFT 1, C4<00001001>, C4<0>, C4<0>, C4<0>;
v0x7fa1df133ba0_9 .net v0x7fa1df133ba0 9, 7 0, L_0x7fa1df063368; 1 drivers
L_0x7fa1df0633b0 .functor BUFT 1, C4<00001010>, C4<0>, C4<0>, C4<0>;
v0x7fa1df133ba0_10 .net v0x7fa1df133ba0 10, 7 0, L_0x7fa1df0633b0; 1 drivers
L_0x7fa1df0633f8 .functor BUFT 1, C4<00001011>, C4<0>, C4<0>, C4<0>;
v0x7fa1df133ba0_11 .net v0x7fa1df133ba0 11, 7 0, L_0x7fa1df0633f8; 1 drivers
L_0x7fa1df063440 .functor BUFT 1, C4<00001100>, C4<0>, C4<0>, C4<0>;
v0x7fa1df133ba0_12 .net v0x7fa1df133ba0 12, 7 0, L_0x7fa1df063440; 1 drivers
L_0x7fa1df063488 .functor BUFT 1, C4<00001101>, C4<0>, C4<0>, C4<0>;
v0x7fa1df133ba0_13 .net v0x7fa1df133ba0 13, 7 0, L_0x7fa1df063488; 1 drivers
L_0x7fa1df0634d0 .functor BUFT 1, C4<00001110>, C4<0>, C4<0>, C4<0>;
v0x7fa1df133ba0_14 .net v0x7fa1df133ba0 14, 7 0, L_0x7fa1df0634d0; 1 drivers
L_0x7fa1df063518 .functor BUFT 1, C4<00001111>, C4<0>, C4<0>, C4<0>;
v0x7fa1df133ba0_15 .net v0x7fa1df133ba0 15, 7 0, L_0x7fa1df063518; 1 drivers
L_0x7fa1df063560 .functor BUFT 1, C4<00010000>, C4<0>, C4<0>, C4<0>;
v0x7fa1df133ba0_16 .net v0x7fa1df133ba0 16, 7 0, L_0x7fa1df063560; 1 drivers
L_0x7fa1df0635a8 .functor BUFT 1, C4<00010001>, C4<0>, C4<0>, C4<0>;
v0x7fa1df133ba0_17 .net v0x7fa1df133ba0 17, 7 0, L_0x7fa1df0635a8; 1 drivers
L_0x7fa1df0635f0 .functor BUFT 1, C4<00010010>, C4<0>, C4<0>, C4<0>;
v0x7fa1df133ba0_18 .net v0x7fa1df133ba0 18, 7 0, L_0x7fa1df0635f0; 1 drivers
L_0x7fa1df063638 .functor BUFT 1, C4<00010011>, C4<0>, C4<0>, C4<0>;
v0x7fa1df133ba0_19 .net v0x7fa1df133ba0 19, 7 0, L_0x7fa1df063638; 1 drivers
L_0x7fa1df063680 .functor BUFT 1, C4<00010100>, C4<0>, C4<0>, C4<0>;
v0x7fa1df133ba0_20 .net v0x7fa1df133ba0 20, 7 0, L_0x7fa1df063680; 1 drivers
L_0x7fa1df0636c8 .functor BUFT 1, C4<00010101>, C4<0>, C4<0>, C4<0>;
v0x7fa1df133ba0_21 .net v0x7fa1df133ba0 21, 7 0, L_0x7fa1df0636c8; 1 drivers
L_0x7fa1df063710 .functor BUFT 1, C4<00010110>, C4<0>, C4<0>, C4<0>;
v0x7fa1df133ba0_22 .net v0x7fa1df133ba0 22, 7 0, L_0x7fa1df063710; 1 drivers
L_0x7fa1df063758 .functor BUFT 1, C4<00010111>, C4<0>, C4<0>, C4<0>;
v0x7fa1df133ba0_23 .net v0x7fa1df133ba0 23, 7 0, L_0x7fa1df063758; 1 drivers
L_0x7fa1df0637a0 .functor BUFT 1, C4<00011000>, C4<0>, C4<0>, C4<0>;
v0x7fa1df133ba0_24 .net v0x7fa1df133ba0 24, 7 0, L_0x7fa1df0637a0; 1 drivers
L_0x7fa1df0637e8 .functor BUFT 1, C4<00011001>, C4<0>, C4<0>, C4<0>;
v0x7fa1df133ba0_25 .net v0x7fa1df133ba0 25, 7 0, L_0x7fa1df0637e8; 1 drivers
L_0x7fa1df063830 .functor BUFT 1, C4<00011010>, C4<0>, C4<0>, C4<0>;
v0x7fa1df133ba0_26 .net v0x7fa1df133ba0 26, 7 0, L_0x7fa1df063830; 1 drivers
L_0x7fa1df063878 .functor BUFT 1, C4<00011011>, C4<0>, C4<0>, C4<0>;
v0x7fa1df133ba0_27 .net v0x7fa1df133ba0 27, 7 0, L_0x7fa1df063878; 1 drivers
L_0x7fa1df0638c0 .functor BUFT 1, C4<00011100>, C4<0>, C4<0>, C4<0>;
v0x7fa1df133ba0_28 .net v0x7fa1df133ba0 28, 7 0, L_0x7fa1df0638c0; 1 drivers
L_0x7fa1df063908 .functor BUFT 1, C4<00011101>, C4<0>, C4<0>, C4<0>;
v0x7fa1df133ba0_29 .net v0x7fa1df133ba0 29, 7 0, L_0x7fa1df063908; 1 drivers
L_0x7fa1df063950 .functor BUFT 1, C4<00011110>, C4<0>, C4<0>, C4<0>;
v0x7fa1df133ba0_30 .net v0x7fa1df133ba0 30, 7 0, L_0x7fa1df063950; 1 drivers
L_0x7fa1df063998 .functor BUFT 1, C4<00011111>, C4<0>, C4<0>, C4<0>;
v0x7fa1df133ba0_31 .net v0x7fa1df133ba0 31, 7 0, L_0x7fa1df063998; 1 drivers
L_0x7fa1df0639e0 .functor BUFT 1, C4<00100000>, C4<0>, C4<0>, C4<0>;
v0x7fa1df133ba0_32 .net v0x7fa1df133ba0 32, 7 0, L_0x7fa1df0639e0; 1 drivers
L_0x7fa1df063a28 .functor BUFT 1, C4<00100001>, C4<0>, C4<0>, C4<0>;
v0x7fa1df133ba0_33 .net v0x7fa1df133ba0 33, 7 0, L_0x7fa1df063a28; 1 drivers
L_0x7fa1df063a70 .functor BUFT 1, C4<00100010>, C4<0>, C4<0>, C4<0>;
v0x7fa1df133ba0_34 .net v0x7fa1df133ba0 34, 7 0, L_0x7fa1df063a70; 1 drivers
L_0x7fa1df063ab8 .functor BUFT 1, C4<00100011>, C4<0>, C4<0>, C4<0>;
v0x7fa1df133ba0_35 .net v0x7fa1df133ba0 35, 7 0, L_0x7fa1df063ab8; 1 drivers
L_0x7fa1df063b00 .functor BUFT 1, C4<00100100>, C4<0>, C4<0>, C4<0>;
v0x7fa1df133ba0_36 .net v0x7fa1df133ba0 36, 7 0, L_0x7fa1df063b00; 1 drivers
L_0x7fa1df063b48 .functor BUFT 1, C4<00100101>, C4<0>, C4<0>, C4<0>;
v0x7fa1df133ba0_37 .net v0x7fa1df133ba0 37, 7 0, L_0x7fa1df063b48; 1 drivers
L_0x7fa1df063b90 .functor BUFT 1, C4<00100110>, C4<0>, C4<0>, C4<0>;
v0x7fa1df133ba0_38 .net v0x7fa1df133ba0 38, 7 0, L_0x7fa1df063b90; 1 drivers
L_0x7fa1df063bd8 .functor BUFT 1, C4<00100111>, C4<0>, C4<0>, C4<0>;
v0x7fa1df133ba0_39 .net v0x7fa1df133ba0 39, 7 0, L_0x7fa1df063bd8; 1 drivers
L_0x7fa1df063c20 .functor BUFT 1, C4<00101000>, C4<0>, C4<0>, C4<0>;
v0x7fa1df133ba0_40 .net v0x7fa1df133ba0 40, 7 0, L_0x7fa1df063c20; 1 drivers
L_0x7fa1df063c68 .functor BUFT 1, C4<00101001>, C4<0>, C4<0>, C4<0>;
v0x7fa1df133ba0_41 .net v0x7fa1df133ba0 41, 7 0, L_0x7fa1df063c68; 1 drivers
L_0x7fa1df063cb0 .functor BUFT 1, C4<00101010>, C4<0>, C4<0>, C4<0>;
v0x7fa1df133ba0_42 .net v0x7fa1df133ba0 42, 7 0, L_0x7fa1df063cb0; 1 drivers
L_0x7fa1df063cf8 .functor BUFT 1, C4<00101011>, C4<0>, C4<0>, C4<0>;
v0x7fa1df133ba0_43 .net v0x7fa1df133ba0 43, 7 0, L_0x7fa1df063cf8; 1 drivers
L_0x7fa1df063d40 .functor BUFT 1, C4<00101100>, C4<0>, C4<0>, C4<0>;
v0x7fa1df133ba0_44 .net v0x7fa1df133ba0 44, 7 0, L_0x7fa1df063d40; 1 drivers
L_0x7fa1df063d88 .functor BUFT 1, C4<00101101>, C4<0>, C4<0>, C4<0>;
v0x7fa1df133ba0_45 .net v0x7fa1df133ba0 45, 7 0, L_0x7fa1df063d88; 1 drivers
L_0x7fa1df063dd0 .functor BUFT 1, C4<00101110>, C4<0>, C4<0>, C4<0>;
v0x7fa1df133ba0_46 .net v0x7fa1df133ba0 46, 7 0, L_0x7fa1df063dd0; 1 drivers
L_0x7fa1df063e18 .functor BUFT 1, C4<00101111>, C4<0>, C4<0>, C4<0>;
v0x7fa1df133ba0_47 .net v0x7fa1df133ba0 47, 7 0, L_0x7fa1df063e18; 1 drivers
L_0x7fa1df063e60 .functor BUFT 1, C4<00110000>, C4<0>, C4<0>, C4<0>;
v0x7fa1df133ba0_48 .net v0x7fa1df133ba0 48, 7 0, L_0x7fa1df063e60; 1 drivers
L_0x7fa1df063ea8 .functor BUFT 1, C4<00110001>, C4<0>, C4<0>, C4<0>;
v0x7fa1df133ba0_49 .net v0x7fa1df133ba0 49, 7 0, L_0x7fa1df063ea8; 1 drivers
L_0x7fa1df063ef0 .functor BUFT 1, C4<00110010>, C4<0>, C4<0>, C4<0>;
v0x7fa1df133ba0_50 .net v0x7fa1df133ba0 50, 7 0, L_0x7fa1df063ef0; 1 drivers
L_0x7fa1df063f38 .functor BUFT 1, C4<00110011>, C4<0>, C4<0>, C4<0>;
v0x7fa1df133ba0_51 .net v0x7fa1df133ba0 51, 7 0, L_0x7fa1df063f38; 1 drivers
L_0x7fa1df063f80 .functor BUFT 1, C4<00110100>, C4<0>, C4<0>, C4<0>;
v0x7fa1df133ba0_52 .net v0x7fa1df133ba0 52, 7 0, L_0x7fa1df063f80; 1 drivers
L_0x7fa1df063fc8 .functor BUFT 1, C4<00110101>, C4<0>, C4<0>, C4<0>;
v0x7fa1df133ba0_53 .net v0x7fa1df133ba0 53, 7 0, L_0x7fa1df063fc8; 1 drivers
L_0x7fa1df064010 .functor BUFT 1, C4<00110110>, C4<0>, C4<0>, C4<0>;
v0x7fa1df133ba0_54 .net v0x7fa1df133ba0 54, 7 0, L_0x7fa1df064010; 1 drivers
L_0x7fa1df064058 .functor BUFT 1, C4<00110111>, C4<0>, C4<0>, C4<0>;
v0x7fa1df133ba0_55 .net v0x7fa1df133ba0 55, 7 0, L_0x7fa1df064058; 1 drivers
L_0x7fa1df0640a0 .functor BUFT 1, C4<00111000>, C4<0>, C4<0>, C4<0>;
v0x7fa1df133ba0_56 .net v0x7fa1df133ba0 56, 7 0, L_0x7fa1df0640a0; 1 drivers
L_0x7fa1df0640e8 .functor BUFT 1, C4<00111001>, C4<0>, C4<0>, C4<0>;
v0x7fa1df133ba0_57 .net v0x7fa1df133ba0 57, 7 0, L_0x7fa1df0640e8; 1 drivers
L_0x7fa1df064130 .functor BUFT 1, C4<00111010>, C4<0>, C4<0>, C4<0>;
v0x7fa1df133ba0_58 .net v0x7fa1df133ba0 58, 7 0, L_0x7fa1df064130; 1 drivers
L_0x7fa1df064178 .functor BUFT 1, C4<00111011>, C4<0>, C4<0>, C4<0>;
v0x7fa1df133ba0_59 .net v0x7fa1df133ba0 59, 7 0, L_0x7fa1df064178; 1 drivers
L_0x7fa1df0641c0 .functor BUFT 1, C4<00111100>, C4<0>, C4<0>, C4<0>;
v0x7fa1df133ba0_60 .net v0x7fa1df133ba0 60, 7 0, L_0x7fa1df0641c0; 1 drivers
L_0x7fa1df064208 .functor BUFT 1, C4<00111101>, C4<0>, C4<0>, C4<0>;
v0x7fa1df133ba0_61 .net v0x7fa1df133ba0 61, 7 0, L_0x7fa1df064208; 1 drivers
L_0x7fa1df064250 .functor BUFT 1, C4<00111110>, C4<0>, C4<0>, C4<0>;
v0x7fa1df133ba0_62 .net v0x7fa1df133ba0 62, 7 0, L_0x7fa1df064250; 1 drivers
L_0x7fa1df064298 .functor BUFT 1, C4<00111111>, C4<0>, C4<0>, C4<0>;
v0x7fa1df133ba0_63 .net v0x7fa1df133ba0 63, 7 0, L_0x7fa1df064298; 1 drivers
L_0x7fa1df0642e0 .functor BUFT 1, C4<01000000>, C4<0>, C4<0>, C4<0>;
v0x7fa1df133ba0_64 .net v0x7fa1df133ba0 64, 7 0, L_0x7fa1df0642e0; 1 drivers
L_0x7fa1df064328 .functor BUFT 1, C4<01000001>, C4<0>, C4<0>, C4<0>;
v0x7fa1df133ba0_65 .net v0x7fa1df133ba0 65, 7 0, L_0x7fa1df064328; 1 drivers
L_0x7fa1df064370 .functor BUFT 1, C4<01000010>, C4<0>, C4<0>, C4<0>;
v0x7fa1df133ba0_66 .net v0x7fa1df133ba0 66, 7 0, L_0x7fa1df064370; 1 drivers
L_0x7fa1df0643b8 .functor BUFT 1, C4<01000011>, C4<0>, C4<0>, C4<0>;
v0x7fa1df133ba0_67 .net v0x7fa1df133ba0 67, 7 0, L_0x7fa1df0643b8; 1 drivers
L_0x7fa1df064400 .functor BUFT 1, C4<01000100>, C4<0>, C4<0>, C4<0>;
v0x7fa1df133ba0_68 .net v0x7fa1df133ba0 68, 7 0, L_0x7fa1df064400; 1 drivers
L_0x7fa1df064448 .functor BUFT 1, C4<01000101>, C4<0>, C4<0>, C4<0>;
v0x7fa1df133ba0_69 .net v0x7fa1df133ba0 69, 7 0, L_0x7fa1df064448; 1 drivers
L_0x7fa1df064490 .functor BUFT 1, C4<01000110>, C4<0>, C4<0>, C4<0>;
v0x7fa1df133ba0_70 .net v0x7fa1df133ba0 70, 7 0, L_0x7fa1df064490; 1 drivers
L_0x7fa1df0644d8 .functor BUFT 1, C4<01000111>, C4<0>, C4<0>, C4<0>;
v0x7fa1df133ba0_71 .net v0x7fa1df133ba0 71, 7 0, L_0x7fa1df0644d8; 1 drivers
L_0x7fa1df064520 .functor BUFT 1, C4<01001000>, C4<0>, C4<0>, C4<0>;
v0x7fa1df133ba0_72 .net v0x7fa1df133ba0 72, 7 0, L_0x7fa1df064520; 1 drivers
L_0x7fa1df064568 .functor BUFT 1, C4<01001001>, C4<0>, C4<0>, C4<0>;
v0x7fa1df133ba0_73 .net v0x7fa1df133ba0 73, 7 0, L_0x7fa1df064568; 1 drivers
L_0x7fa1df0645b0 .functor BUFT 1, C4<01001010>, C4<0>, C4<0>, C4<0>;
v0x7fa1df133ba0_74 .net v0x7fa1df133ba0 74, 7 0, L_0x7fa1df0645b0; 1 drivers
L_0x7fa1df0645f8 .functor BUFT 1, C4<01001011>, C4<0>, C4<0>, C4<0>;
v0x7fa1df133ba0_75 .net v0x7fa1df133ba0 75, 7 0, L_0x7fa1df0645f8; 1 drivers
L_0x7fa1df064640 .functor BUFT 1, C4<01001100>, C4<0>, C4<0>, C4<0>;
v0x7fa1df133ba0_76 .net v0x7fa1df133ba0 76, 7 0, L_0x7fa1df064640; 1 drivers
L_0x7fa1df064688 .functor BUFT 1, C4<01001101>, C4<0>, C4<0>, C4<0>;
v0x7fa1df133ba0_77 .net v0x7fa1df133ba0 77, 7 0, L_0x7fa1df064688; 1 drivers
L_0x7fa1df0646d0 .functor BUFT 1, C4<01001110>, C4<0>, C4<0>, C4<0>;
v0x7fa1df133ba0_78 .net v0x7fa1df133ba0 78, 7 0, L_0x7fa1df0646d0; 1 drivers
L_0x7fa1df064718 .functor BUFT 1, C4<01001111>, C4<0>, C4<0>, C4<0>;
v0x7fa1df133ba0_79 .net v0x7fa1df133ba0 79, 7 0, L_0x7fa1df064718; 1 drivers
L_0x7fa1df064760 .functor BUFT 1, C4<01010000>, C4<0>, C4<0>, C4<0>;
v0x7fa1df133ba0_80 .net v0x7fa1df133ba0 80, 7 0, L_0x7fa1df064760; 1 drivers
L_0x7fa1df0647a8 .functor BUFT 1, C4<01010001>, C4<0>, C4<0>, C4<0>;
v0x7fa1df133ba0_81 .net v0x7fa1df133ba0 81, 7 0, L_0x7fa1df0647a8; 1 drivers
L_0x7fa1df0647f0 .functor BUFT 1, C4<01010010>, C4<0>, C4<0>, C4<0>;
v0x7fa1df133ba0_82 .net v0x7fa1df133ba0 82, 7 0, L_0x7fa1df0647f0; 1 drivers
L_0x7fa1df064838 .functor BUFT 1, C4<01010011>, C4<0>, C4<0>, C4<0>;
v0x7fa1df133ba0_83 .net v0x7fa1df133ba0 83, 7 0, L_0x7fa1df064838; 1 drivers
L_0x7fa1df064880 .functor BUFT 1, C4<01010100>, C4<0>, C4<0>, C4<0>;
v0x7fa1df133ba0_84 .net v0x7fa1df133ba0 84, 7 0, L_0x7fa1df064880; 1 drivers
L_0x7fa1df0648c8 .functor BUFT 1, C4<01010101>, C4<0>, C4<0>, C4<0>;
v0x7fa1df133ba0_85 .net v0x7fa1df133ba0 85, 7 0, L_0x7fa1df0648c8; 1 drivers
L_0x7fa1df064910 .functor BUFT 1, C4<01010110>, C4<0>, C4<0>, C4<0>;
v0x7fa1df133ba0_86 .net v0x7fa1df133ba0 86, 7 0, L_0x7fa1df064910; 1 drivers
L_0x7fa1df064958 .functor BUFT 1, C4<01010111>, C4<0>, C4<0>, C4<0>;
v0x7fa1df133ba0_87 .net v0x7fa1df133ba0 87, 7 0, L_0x7fa1df064958; 1 drivers
L_0x7fa1df0649a0 .functor BUFT 1, C4<01011000>, C4<0>, C4<0>, C4<0>;
v0x7fa1df133ba0_88 .net v0x7fa1df133ba0 88, 7 0, L_0x7fa1df0649a0; 1 drivers
L_0x7fa1df0649e8 .functor BUFT 1, C4<01011001>, C4<0>, C4<0>, C4<0>;
v0x7fa1df133ba0_89 .net v0x7fa1df133ba0 89, 7 0, L_0x7fa1df0649e8; 1 drivers
L_0x7fa1df064a30 .functor BUFT 1, C4<01011010>, C4<0>, C4<0>, C4<0>;
v0x7fa1df133ba0_90 .net v0x7fa1df133ba0 90, 7 0, L_0x7fa1df064a30; 1 drivers
L_0x7fa1df064a78 .functor BUFT 1, C4<01011011>, C4<0>, C4<0>, C4<0>;
v0x7fa1df133ba0_91 .net v0x7fa1df133ba0 91, 7 0, L_0x7fa1df064a78; 1 drivers
L_0x7fa1df064ac0 .functor BUFT 1, C4<01011100>, C4<0>, C4<0>, C4<0>;
v0x7fa1df133ba0_92 .net v0x7fa1df133ba0 92, 7 0, L_0x7fa1df064ac0; 1 drivers
L_0x7fa1df064b08 .functor BUFT 1, C4<01011101>, C4<0>, C4<0>, C4<0>;
v0x7fa1df133ba0_93 .net v0x7fa1df133ba0 93, 7 0, L_0x7fa1df064b08; 1 drivers
L_0x7fa1df064b50 .functor BUFT 1, C4<01011110>, C4<0>, C4<0>, C4<0>;
v0x7fa1df133ba0_94 .net v0x7fa1df133ba0 94, 7 0, L_0x7fa1df064b50; 1 drivers
L_0x7fa1df064b98 .functor BUFT 1, C4<01011111>, C4<0>, C4<0>, C4<0>;
v0x7fa1df133ba0_95 .net v0x7fa1df133ba0 95, 7 0, L_0x7fa1df064b98; 1 drivers
L_0x7fa1df064be0 .functor BUFT 1, C4<01100000>, C4<0>, C4<0>, C4<0>;
v0x7fa1df133ba0_96 .net v0x7fa1df133ba0 96, 7 0, L_0x7fa1df064be0; 1 drivers
L_0x7fa1df064c28 .functor BUFT 1, C4<01100001>, C4<0>, C4<0>, C4<0>;
v0x7fa1df133ba0_97 .net v0x7fa1df133ba0 97, 7 0, L_0x7fa1df064c28; 1 drivers
L_0x7fa1df064c70 .functor BUFT 1, C4<01100010>, C4<0>, C4<0>, C4<0>;
v0x7fa1df133ba0_98 .net v0x7fa1df133ba0 98, 7 0, L_0x7fa1df064c70; 1 drivers
L_0x7fa1df064cb8 .functor BUFT 1, C4<01100011>, C4<0>, C4<0>, C4<0>;
v0x7fa1df133ba0_99 .net v0x7fa1df133ba0 99, 7 0, L_0x7fa1df064cb8; 1 drivers
L_0x7fa1df064d00 .functor BUFT 1, C4<01100100>, C4<0>, C4<0>, C4<0>;
v0x7fa1df133ba0_100 .net v0x7fa1df133ba0 100, 7 0, L_0x7fa1df064d00; 1 drivers
L_0x7fa1df064d48 .functor BUFT 1, C4<01100101>, C4<0>, C4<0>, C4<0>;
v0x7fa1df133ba0_101 .net v0x7fa1df133ba0 101, 7 0, L_0x7fa1df064d48; 1 drivers
L_0x7fa1df064d90 .functor BUFT 1, C4<01100110>, C4<0>, C4<0>, C4<0>;
v0x7fa1df133ba0_102 .net v0x7fa1df133ba0 102, 7 0, L_0x7fa1df064d90; 1 drivers
L_0x7fa1df064dd8 .functor BUFT 1, C4<01100111>, C4<0>, C4<0>, C4<0>;
v0x7fa1df133ba0_103 .net v0x7fa1df133ba0 103, 7 0, L_0x7fa1df064dd8; 1 drivers
L_0x7fa1df064e20 .functor BUFT 1, C4<01101000>, C4<0>, C4<0>, C4<0>;
v0x7fa1df133ba0_104 .net v0x7fa1df133ba0 104, 7 0, L_0x7fa1df064e20; 1 drivers
L_0x7fa1df064e68 .functor BUFT 1, C4<01101001>, C4<0>, C4<0>, C4<0>;
v0x7fa1df133ba0_105 .net v0x7fa1df133ba0 105, 7 0, L_0x7fa1df064e68; 1 drivers
L_0x7fa1df064eb0 .functor BUFT 1, C4<01101010>, C4<0>, C4<0>, C4<0>;
v0x7fa1df133ba0_106 .net v0x7fa1df133ba0 106, 7 0, L_0x7fa1df064eb0; 1 drivers
L_0x7fa1df064ef8 .functor BUFT 1, C4<01101011>, C4<0>, C4<0>, C4<0>;
v0x7fa1df133ba0_107 .net v0x7fa1df133ba0 107, 7 0, L_0x7fa1df064ef8; 1 drivers
L_0x7fa1df064f40 .functor BUFT 1, C4<01101100>, C4<0>, C4<0>, C4<0>;
v0x7fa1df133ba0_108 .net v0x7fa1df133ba0 108, 7 0, L_0x7fa1df064f40; 1 drivers
L_0x7fa1df064f88 .functor BUFT 1, C4<01101101>, C4<0>, C4<0>, C4<0>;
v0x7fa1df133ba0_109 .net v0x7fa1df133ba0 109, 7 0, L_0x7fa1df064f88; 1 drivers
L_0x7fa1df064fd0 .functor BUFT 1, C4<01101110>, C4<0>, C4<0>, C4<0>;
v0x7fa1df133ba0_110 .net v0x7fa1df133ba0 110, 7 0, L_0x7fa1df064fd0; 1 drivers
L_0x7fa1df065018 .functor BUFT 1, C4<01101111>, C4<0>, C4<0>, C4<0>;
v0x7fa1df133ba0_111 .net v0x7fa1df133ba0 111, 7 0, L_0x7fa1df065018; 1 drivers
L_0x7fa1df065060 .functor BUFT 1, C4<01110000>, C4<0>, C4<0>, C4<0>;
v0x7fa1df133ba0_112 .net v0x7fa1df133ba0 112, 7 0, L_0x7fa1df065060; 1 drivers
L_0x7fa1df0650a8 .functor BUFT 1, C4<01110001>, C4<0>, C4<0>, C4<0>;
v0x7fa1df133ba0_113 .net v0x7fa1df133ba0 113, 7 0, L_0x7fa1df0650a8; 1 drivers
L_0x7fa1df0650f0 .functor BUFT 1, C4<01110010>, C4<0>, C4<0>, C4<0>;
v0x7fa1df133ba0_114 .net v0x7fa1df133ba0 114, 7 0, L_0x7fa1df0650f0; 1 drivers
L_0x7fa1df065138 .functor BUFT 1, C4<01110011>, C4<0>, C4<0>, C4<0>;
v0x7fa1df133ba0_115 .net v0x7fa1df133ba0 115, 7 0, L_0x7fa1df065138; 1 drivers
L_0x7fa1df065180 .functor BUFT 1, C4<01110100>, C4<0>, C4<0>, C4<0>;
v0x7fa1df133ba0_116 .net v0x7fa1df133ba0 116, 7 0, L_0x7fa1df065180; 1 drivers
L_0x7fa1df0651c8 .functor BUFT 1, C4<01110101>, C4<0>, C4<0>, C4<0>;
v0x7fa1df133ba0_117 .net v0x7fa1df133ba0 117, 7 0, L_0x7fa1df0651c8; 1 drivers
L_0x7fa1df065210 .functor BUFT 1, C4<01110110>, C4<0>, C4<0>, C4<0>;
v0x7fa1df133ba0_118 .net v0x7fa1df133ba0 118, 7 0, L_0x7fa1df065210; 1 drivers
L_0x7fa1df065258 .functor BUFT 1, C4<01110111>, C4<0>, C4<0>, C4<0>;
v0x7fa1df133ba0_119 .net v0x7fa1df133ba0 119, 7 0, L_0x7fa1df065258; 1 drivers
L_0x7fa1df0652a0 .functor BUFT 1, C4<01111000>, C4<0>, C4<0>, C4<0>;
v0x7fa1df133ba0_120 .net v0x7fa1df133ba0 120, 7 0, L_0x7fa1df0652a0; 1 drivers
L_0x7fa1df0652e8 .functor BUFT 1, C4<01111001>, C4<0>, C4<0>, C4<0>;
v0x7fa1df133ba0_121 .net v0x7fa1df133ba0 121, 7 0, L_0x7fa1df0652e8; 1 drivers
L_0x7fa1df065330 .functor BUFT 1, C4<01111010>, C4<0>, C4<0>, C4<0>;
v0x7fa1df133ba0_122 .net v0x7fa1df133ba0 122, 7 0, L_0x7fa1df065330; 1 drivers
L_0x7fa1df065378 .functor BUFT 1, C4<01111011>, C4<0>, C4<0>, C4<0>;
v0x7fa1df133ba0_123 .net v0x7fa1df133ba0 123, 7 0, L_0x7fa1df065378; 1 drivers
L_0x7fa1df0653c0 .functor BUFT 1, C4<01111100>, C4<0>, C4<0>, C4<0>;
v0x7fa1df133ba0_124 .net v0x7fa1df133ba0 124, 7 0, L_0x7fa1df0653c0; 1 drivers
L_0x7fa1df065408 .functor BUFT 1, C4<01111101>, C4<0>, C4<0>, C4<0>;
v0x7fa1df133ba0_125 .net v0x7fa1df133ba0 125, 7 0, L_0x7fa1df065408; 1 drivers
L_0x7fa1df065450 .functor BUFT 1, C4<01111110>, C4<0>, C4<0>, C4<0>;
v0x7fa1df133ba0_126 .net v0x7fa1df133ba0 126, 7 0, L_0x7fa1df065450; 1 drivers
L_0x7fa1df065498 .functor BUFT 1, C4<01111111>, C4<0>, C4<0>, C4<0>;
v0x7fa1df133ba0_127 .net v0x7fa1df133ba0 127, 7 0, L_0x7fa1df065498; 1 drivers
o0x7fa1df033928 .functor BUFZ 1, C4<z>; HiZ drive
v0x7fa1df134440_0 .net "clk", 0 0, o0x7fa1df033928;  0 drivers
o0x7fa1df033958 .functor BUFZ 12, C4<zzzzzzzzzzzz>; HiZ drive
v0x7fa1df1344e0_0 .net "data_len", 11 0, o0x7fa1df033958;  0 drivers
v0x7fa1df1345f0_0 .net "din", 7 0, o0x7fa1df033988;  0 drivers
v0x7fa1df1346a0_0 .net "dout", 7 0, L_0x7fa1df1350a0;  1 drivers
o0x7fa1df0339e8 .functor BUFZ 1, C4<z>; HiZ drive
v0x7fa1df134750_0 .net "err", 0 0, o0x7fa1df0339e8;  0 drivers
v0x7fa1df1347f0_0 .net "fd", 0 0, L_0x7fa1df134e20;  1 drivers
v0x7fa1df134890_0 .var "fifo_num", 11 0;
v0x7fa1df134940_0 .net "fifo_txen", 0 0, L_0x7fa1df134ec0;  1 drivers
o0x7fa1df033aa8 .functor BUFZ 1, C4<z>; HiZ drive
v0x7fa1df1349e0_0 .net "fs", 0 0, o0x7fa1df033aa8;  0 drivers
v0x7fa1df134a80_0 .var "next_state", 2 0;
o0x7fa1df033b08 .functor BUFZ 1, C4<z>; HiZ drive
v0x7fa1df134c10_0 .net "rst", 0 0, o0x7fa1df033b08;  0 drivers
v0x7fa1df134ca0_0 .var "state", 2 0;
E_0x7fa1df106120 .event posedge, v0x7fa1df134c10_0, v0x7fa1df134440_0;
E_0x7fa1df1239e0 .event edge, v0x7fa1df134ca0_0, v0x7fa1df1349e0_0, v0x7fa1df134890_0, v0x7fa1df1344e0_0;
L_0x7fa1df134e20 .cmp/eq 3, v0x7fa1df134ca0_0, L_0x7fa1df063008;
L_0x7fa1df134ec0 .cmp/eq 3, v0x7fa1df134ca0_0, L_0x7fa1df063050;
L_0x7fa1df134fe0 .array/port v0x7fa1df133ba0, v0x7fa1df133af0_0;
L_0x7fa1df1352c0 .arith/sum 8, o0x7fa1df033988, L_0x7fa1df063128;
L_0x7fa1df135400 .arith/sum 8, o0x7fa1df033988, L_0x7fa1df063170;
    .scope S_0x7fa1df11e000;
T_0 ;
    %wait E_0x7fa1df106120;
    %load/vec4 v0x7fa1df134c10_0;
    %flag_set/vec4 8;
    %jmp/0xz  T_0.0, 8;
    %pushi/vec4 0, 0, 3;
    %assign/vec4 v0x7fa1df134ca0_0, 0;
    %jmp T_0.1;
T_0.0 ;
    %load/vec4 v0x7fa1df134a80_0;
    %assign/vec4 v0x7fa1df134ca0_0, 0;
T_0.1 ;
    %jmp T_0;
    .thread T_0;
    .scope S_0x7fa1df11e000;
T_1 ;
    %wait E_0x7fa1df1239e0;
    %load/vec4 v0x7fa1df134ca0_0;
    %dup/vec4;
    %pushi/vec4 0, 0, 3;
    %cmp/u;
    %jmp/1 T_1.0, 6;
    %dup/vec4;
    %pushi/vec4 4, 0, 3;
    %cmp/u;
    %jmp/1 T_1.1, 6;
    %dup/vec4;
    %pushi/vec4 2, 0, 3;
    %cmp/u;
    %jmp/1 T_1.2, 6;
    %dup/vec4;
    %pushi/vec4 3, 0, 3;
    %cmp/u;
    %jmp/1 T_1.3, 6;
    %pushi/vec4 0, 0, 3;
    %assign/vec4 v0x7fa1df134a80_0, 0;
    %jmp T_1.5;
T_1.0 ;
    %load/vec4 v0x7fa1df1349e0_0;
    %flag_set/vec4 8;
    %jmp/0xz  T_1.6, 8;
    %pushi/vec4 4, 0, 3;
    %assign/vec4 v0x7fa1df134a80_0, 0;
    %jmp T_1.7;
T_1.6 ;
    %pushi/vec4 0, 0, 3;
    %assign/vec4 v0x7fa1df134a80_0, 0;
T_1.7 ;
    %jmp T_1.5;
T_1.1 ;
    %pushi/vec4 2, 0, 3;
    %assign/vec4 v0x7fa1df134a80_0, 0;
    %jmp T_1.5;
T_1.2 ;
    %load/vec4 v0x7fa1df134890_0;
    %load/vec4 v0x7fa1df1344e0_0;
    %subi 1, 0, 12;
    %cmp/e;
    %jmp/0xz  T_1.8, 4;
    %pushi/vec4 3, 0, 3;
    %assign/vec4 v0x7fa1df134a80_0, 0;
    %jmp T_1.9;
T_1.8 ;
    %pushi/vec4 2, 0, 3;
    %assign/vec4 v0x7fa1df134a80_0, 0;
T_1.9 ;
    %jmp T_1.5;
T_1.3 ;
    %load/vec4 v0x7fa1df1349e0_0;
    %cmpi/e 0, 0, 1;
    %jmp/0xz  T_1.10, 4;
    %pushi/vec4 0, 0, 3;
    %assign/vec4 v0x7fa1df134a80_0, 0;
T_1.10 ;
    %jmp T_1.5;
T_1.5 ;
    %pop/vec4 1;
    %jmp T_1;
    .thread T_1, $push;
    .scope S_0x7fa1df11e000;
T_2 ;
    %wait E_0x7fa1df106120;
    %load/vec4 v0x7fa1df134c10_0;
    %flag_set/vec4 8;
    %jmp/0xz  T_2.0, 8;
    %pushi/vec4 0, 0, 12;
    %assign/vec4 v0x7fa1df134890_0, 0;
    %jmp T_2.1;
T_2.0 ;
    %load/vec4 v0x7fa1df134ca0_0;
    %cmpi/e 4, 0, 3;
    %jmp/0xz  T_2.2, 4;
    %pushi/vec4 0, 0, 12;
    %assign/vec4 v0x7fa1df134890_0, 0;
    %jmp T_2.3;
T_2.2 ;
    %load/vec4 v0x7fa1df134ca0_0;
    %cmpi/e 2, 0, 3;
    %jmp/0xz  T_2.4, 4;
    %load/vec4 v0x7fa1df134890_0;
    %addi 1, 0, 12;
    %assign/vec4 v0x7fa1df134890_0, 0;
    %jmp T_2.5;
T_2.4 ;
    %pushi/vec4 0, 0, 12;
    %assign/vec4 v0x7fa1df134890_0, 0;
T_2.5 ;
T_2.3 ;
T_2.1 ;
    %jmp T_2;
    .thread T_2;
    .scope S_0x7fa1df11e000;
T_3 ;
    %wait E_0x7fa1df106120;
    %load/vec4 v0x7fa1df134c10_0;
    %flag_set/vec4 8;
    %jmp/0xz  T_3.0, 8;
    %pushi/vec4 0, 0, 12;
    %assign/vec4 v0x7fa1df133af0_0, 0;
    %jmp T_3.1;
T_3.0 ;
    %load/vec4 v0x7fa1df134ca0_0;
    %cmpi/e 2, 0, 3;
    %jmp/0xz  T_3.2, 4;
    %load/vec4 v0x7fa1df133af0_0;
    %addi 1, 0, 12;
    %assign/vec4 v0x7fa1df133af0_0, 0;
    %jmp T_3.3;
T_3.2 ;
    %load/vec4 v0x7fa1df134ca0_0;
    %cmpi/e 4, 0, 3;
    %jmp/0xz  T_3.4, 4;
    %pushi/vec4 0, 0, 12;
    %assign/vec4 v0x7fa1df133af0_0, 0;
    %jmp T_3.5;
T_3.4 ;
    %pushi/vec4 0, 0, 12;
    %assign/vec4 v0x7fa1df133af0_0, 0;
T_3.5 ;
T_3.3 ;
T_3.1 ;
    %jmp T_3;
    .thread T_3;
# The file index is used to find the file name in the following table.
:file_names 3;
    "N/A";
    "<interactive>";
    "fifo_write.v";
